<?xml version="1.0" encoding="UTF-8"?>
<!-- Generated by org.testng.reporters.JUnitReportReporter -->
<testsuite hostname="DESKTOP-KIT9RVP" failures="0" tests="2" name="seleniumJava14Dec2020.ExtentReportsDemowithTestNG" time="1.805" errors="0" timestamp="2020-12-18T21:37:36 IST" skipped="0">
  <testcase classname="seleniumJava14Dec2020.ExtentReportsDemowithTestNG" name="test1" time="1.787"/>
  <system-out/>
  <testcase classname="seleniumJava14Dec2020.ExtentReportsDemowithTestNG" name="test2" time="0.018"/>
  <system-out/>
</testsuite> <!-- seleniumJava14Dec2020.ExtentReportsDemowithTestNG -->
