<?xml version="1.0" encoding="UTF-8"?>
<!-- Generated by org.testng.reporters.JUnitReportReporter -->
<testsuite hostname="DESKTOP-KIT9RVP" failures="0" tests="1" name="demo.TestCase1" time="11.993" errors="0" timestamp="2020-12-22T18:41:28 IST" skipped="0">
  <testcase classname="demo.TestCase1" name="testCase1" time="11.993"/>
  <system-out/>
</testsuite> <!-- demo.TestCase1 -->
