<?xml version="1.0" encoding="UTF-8"?>
<!-- Generated by org.testng.reporters.JUnitReportReporter -->
<testsuite hostname="DESKTOP-KIT9RVP" failures="0" tests="2" name="demo.TestNgIgnoreDemo" time="0.022" errors="0" timestamp="2020-12-22T17:47:56 IST" skipped="1">
  <testcase classname="demo.TestNgIgnoreDemo" name="test2" time="0.022"/>
  <system-out/>
  <testcase classname="demo.TestNgIgnoreDemo" name="test1">
    <skipped/>
  </testcase> <!-- test1 -->
  <system-out/>
</testsuite> <!-- demo.TestNgIgnoreDemo -->
