<?xml version="1.0" encoding="UTF-8"?>
<!-- Generated by org.testng.reporters.JUnitReportReporter -->
<testsuite hostname="DESKTOP-KIT9RVP" failures="0" tests="3" name="demo.testNgPriorityDemo" time="0.031" errors="0" timestamp="2020-12-22T01:12:04 IST" skipped="0">
  <testcase classname="demo.testNgPriorityDemo" name="three" time="0.022"/>
  <system-out/>
  <testcase classname="demo.testNgPriorityDemo" name="two" time="0.004"/>
  <system-out/>
  <testcase classname="demo.testNgPriorityDemo" name="one" time="0.005"/>
  <system-out/>
</testsuite> <!-- demo.testNgPriorityDemo -->
