<?xml version="1.0" encoding="UTF-8"?>
<!-- Generated by org.testng.reporters.JUnitReportReporter -->
<testsuite hostname="DESKTOP-KIT9RVP" failures="0" tests="3" name="demo.TestNGDependencyDemo" time="0.032" errors="0" timestamp="2020-12-22T17:34:35 IST" skipped="0">
  <testcase classname="demo.TestNGDependencyDemo" name="test2" time="0.019"/>
  <system-out/>
  <testcase classname="demo.TestNGDependencyDemo" name="test3" time="0.009"/>
  <system-out/>
  <testcase classname="demo.TestNGDependencyDemo" name="test1" time="0.004"/>
  <system-out/>
</testsuite> <!-- demo.TestNGDependencyDemo -->
