<?xml version="1.0" encoding="UTF-8"?>
<!-- Generated by org.testng.reporters.JUnitReportReporter -->
<testsuite hostname="DESKTOP-KIT9RVP" failures="0" tests="3" name="listeners.TestNgListenersDemo2" time="0.047" errors="0" timestamp="2020-12-22T00:46:24 IST" skipped="1">
  <testcase classname="listeners.TestNgListenersDemo2" name="test4" time="0.030"/>
  <system-out/>
  <testcase classname="listeners.TestNgListenersDemo2" name="test5" time="0.009"/>
  <system-out/>
  <testcase classname="listeners.TestNgListenersDemo2" name="test6" time="0.008">
    <skipped/>
  </testcase> <!-- test6 -->
  <system-out/>
</testsuite> <!-- listeners.TestNgListenersDemo2 -->
