<?xml version="1.0" encoding="UTF-8"?>
<!-- Generated by org.testng.reporters.JUnitReportReporter -->
<testsuite hostname="DESKTOP-KIT9RVP" failures="0" tests="2" name="demo.TestNGGroupsDemo" time="0.024" errors="0" timestamp="2020-12-22T03:01:14 IST" skipped="0">
  <testcase classname="demo.TestNGGroupsDemo" name="test3" time="0.007"/>
  <system-out/>
  <testcase classname="demo.TestNGGroupsDemo" name="test2" time="0.017"/>
  <system-out/>
</testsuite> <!-- demo.TestNGGroupsDemo -->
