<?xml version="1.0" encoding="UTF-8"?>
<!-- Generated by org.testng.reporters.JUnitReportReporter -->
<testsuite hostname="DESKTOP-KIT9RVP" failures="0" tests="1" name="seleniumJava14Dec2020.googleSearchTest_TestNG" time="7.078" errors="0" timestamp="2020-12-19T17:08:18 IST" skipped="0">
  <testcase classname="seleniumJava14Dec2020.googleSearchTest_TestNG" name="googlesearch" time="7.078"/>
  <system-out/>
</testsuite> <!-- seleniumJava14Dec2020.googleSearchTest_TestNG -->
