<?xml version="1.0" encoding="UTF-8"?>
<!-- Generated by org.testng.reporters.JUnitReportReporter -->
<testsuite hostname="DESKTOP-KIT9RVP" failures="0" tests="3" name="utils.ExcelDataProvider" time="13.316" errors="0" timestamp="2020-12-20T16:19:58 IST" skipped="0">
  <testcase classname="utils.ExcelDataProvider" name="test1" time="3.304"/>
  <system-out/>
  <testcase classname="utils.ExcelDataProvider" name="test1" time="3.510"/>
  <system-out/>
  <testcase classname="utils.ExcelDataProvider" name="test1" time="6.502"/>
  <system-out/>
</testsuite> <!-- utils.ExcelDataProvider -->
