<?xml version="1.0" encoding="UTF-8"?>
<!-- Generated by org.testng.reporters.JUnitReportReporter -->
<testsuite hostname="DESKTOP-KIT9RVP" failures="0" tests="1" name="demo.TestNGMultiBrowserDemo" time="12.215" errors="0" timestamp="2020-12-22T01:42:54 IST" skipped="0">
  <testcase classname="demo.TestNGMultiBrowserDemo" name="test1" time="12.215"/>
  <system-out/>
</testsuite> <!-- demo.TestNGMultiBrowserDemo -->
