<?xml version="1.0" encoding="UTF-8"?>
<!-- Generated by org.testng.reporters.JUnitReportReporter -->
<testsuite hostname="DESKTOP-KIT9RVP" failures="0" tests="1" name="demo.TestNgParametersDemo" time="0.022" errors="0" timestamp="2020-12-22T17:12:09 IST" skipped="0">
  <testcase classname="demo.TestNgParametersDemo" name="test" time="0.022"/>
  <system-out/>
</testsuite> <!-- demo.TestNgParametersDemo -->
