<?xml version="1.0" encoding="UTF-8"?>
<!-- Generated by org.testng.reporters.JUnitReportReporter -->
<testsuite hostname="DESKTOP-KIT9RVP" failures="0" tests="1" name="seleniumJava14Dec2020.googleSearchTest_TestNG_2" time="19.300" errors="0" timestamp="2020-12-18T15:14:39 IST" skipped="0">
  <testcase classname="seleniumJava14Dec2020.googleSearchTest_TestNG_2" name="googlesearch3" time="19.300"/>
  <system-out/>
</testsuite> <!-- seleniumJava14Dec2020.googleSearchTest_TestNG_2 -->
